<?xml version="1.0" encoding="windows-1252" standalone="no"?>
<!DOCTYPE log SYSTEM "logger.dtd">
<log>
<record>
  <date>2023-05-28T16:50:30</date>
  <millis>1685303430606</millis>
  <sequence>0</sequence>
  <logger>jMetal</logger>
  <level>INFO</level>
  <class>jmetal.metaheuristics.fdea.FDEA_main_experiment$RunExperiment</class>
  <method>run</method>
  <thread>13</thread>
  <message>Problem DTLZ3 obj 3 variante FDEATESTE run 1</message>
</record>
<record>
  <date>2023-05-28T16:50:33</date>
  <millis>1685303433022</millis>
  <sequence>1</sequence>
  <logger>jMetal</logger>
  <level>INFO</level>
  <class>jmetal.metaheuristics.fdea.FDEA_main_experiment$RunExperiment</class>
  <method>run</method>
  <thread>13</thread>
  <message>Total execution time: 2346</message>
</record>
</log>
