<?xml version="1.0" encoding="windows-1252" standalone="no"?>
<!DOCTYPE log SYSTEM "logger.dtd">
<log>
<record>
  <date>2021-10-18T20:41:41.352701400Z</date>
  <millis>1634589701352</millis>
  <nanos>701400</nanos>
  <sequence>0</sequence>
  <logger>jMetal</logger>
  <level>INFO</level>
  <class>jmetal.experiments.Main</class>
  <method>main</method>
  <thread>1</thread>
  <message>Total execution time: 832ms</message>
</record>
<record>
  <date>2021-10-18T20:41:41.397702800Z</date>
  <millis>1634589701397</millis>
  <nanos>702800</nanos>
  <sequence>1</sequence>
  <logger>jMetal</logger>
  <level>INFO</level>
  <class>jmetal.experiments.Main</class>
  <method>main</method>
  <thread>1</thread>
  <message>Objectives values have been writen to file FUN</message>
</record>
<record>
  <date>2021-10-18T20:41:41.410705500Z</date>
  <millis>1634589701410</millis>
  <nanos>705500</nanos>
  <sequence>2</sequence>
  <logger>jMetal</logger>
  <level>INFO</level>
  <class>jmetal.experiments.Main</class>
  <method>main</method>
  <thread>1</thread>
  <message>Variables values have been writen to file VAR</message>
</record>
</log>
